<?xml version="1.0" encoding="UTF-8"?>
<!-- Generated by org.testng.reporters.JUnitXMLReporter -->
<testsuite ignored="0" hostname="Viveks-MacBook-Pro.local" failures="0" tests="4" name="Surefire test" time="111.224" errors="0" timestamp="2020-12-27T22:24:20 EST">
  <testcase classname="learning.Appium.EcommereTest" name="tc1" time="15.928"/>
  <testcase classname="learning.Appium.EcommereTest" name="tc2" time="19.933"/>
  <testcase classname="learning.Appium.EcommereTest" name="tc3" time="5.606"/>
  <testcase classname="learning.Appium.EcommereTest" name="tc4" time="15.98"/>
</testsuite> <!-- Surefire test -->
