<?xml version="1.0" encoding="UTF-8"?>
<!-- Generated by org.testng.reporters.JUnitXMLReporter -->
<testsuite ignored="0" hostname="Viveks-MacBook-Pro.local" failures="0" tests="4" name="Surefire test" time="112.756" errors="0" timestamp="2020-12-28T21:42:54 EST">
  <testcase classname="learning.Appium.EcommereTest" name="tc1" time="12.934"/>
  <testcase classname="learning.Appium.EcommereTest" name="tc2" time="17.599"/>
  <testcase classname="learning.Appium.EcommereTest" name="tc3" time="5.516"/>
  <testcase classname="learning.Appium.EcommereTest" name="tc4" time="15.884"/>
</testsuite> <!-- Surefire test -->
