<?xml version="1.0" encoding="UTF-8"?>
<!-- Generated by org.testng.reporters.JUnitXMLReporter -->
<testsuite ignored="0" hostname="Viveks-MacBook-Pro.local" failures="0" tests="4" name="Test" time="61.015" errors="0" timestamp="2020-12-27T19:13:23 EST">
  <testcase classname="learning.Appium.EcommereTest" name="tc1" time="11.124"/>
  <testcase classname="learning.Appium.EcommereTest" name="tc2" time="15.442"/>
  <testcase classname="learning.Appium.EcommereTest" name="tc3" time="5.155"/>
  <testcase classname="learning.Appium.EcommereTest" name="tc4" time="15.812"/>
</testsuite> <!-- Test -->
