<?xml version="1.0" encoding="UTF-8"?>
<testng-results ignored="0" total="4" passed="4" failed="0" skipped="0">
  <reporter-output>
  </reporter-output>
  <suite started-at="2020-12-27T22:22:24 EST" name="Surefire suite" finished-at="2020-12-27T22:24:15 EST" duration-ms="111224">
    <groups>
    </groups>
    <test started-at="2020-12-27T22:22:24 EST" name="Surefire test" finished-at="2020-12-27T22:24:15 EST" duration-ms="111224">
      <class name="learning.Appium.EcommereTest">
        <test-method is-config="true" signature="setingUp()[pri:0, instance:learning.Appium.EcommereTest@1da51a35]" started-at="2020-12-27T22:22:24 EST" name="setingUp" finished-at="2020-12-27T22:23:10 EST" duration-ms="45841" status="PASS">
          <reporter-output>
          </reporter-output>
        </test-method> <!-- setingUp -->
        <test-method is-config="true" signature="requirements()[pri:0, instance:learning.Appium.EcommereTest@1da51a35]" started-at="2020-12-27T22:23:10 EST" name="requirements" finished-at="2020-12-27T22:23:10 EST" duration-ms="170" status="PASS">
          <reporter-output>
          </reporter-output>
        </test-method> <!-- requirements -->
        <test-method signature="tc1()[pri:0, instance:learning.Appium.EcommereTest@1da51a35]" started-at="2020-12-27T22:23:10 EST" name="tc1" finished-at="2020-12-27T22:23:26 EST" duration-ms="15928" status="PASS">
          <reporter-output>
          </reporter-output>
        </test-method> <!-- tc1 -->
        <test-method signature="tc2()[pri:0, instance:learning.Appium.EcommereTest@1da51a35]" started-at="2020-12-27T22:23:26 EST" name="tc2" finished-at="2020-12-27T22:23:46 EST" duration-ms="19933" status="PASS">
          <reporter-output>
          </reporter-output>
        </test-method> <!-- tc2 -->
        <test-method signature="tc3()[pri:0, instance:learning.Appium.EcommereTest@1da51a35]" started-at="2020-12-27T22:23:46 EST" name="tc3" finished-at="2020-12-27T22:23:51 EST" duration-ms="5606" status="PASS">
          <reporter-output>
          </reporter-output>
        </test-method> <!-- tc3 -->
        <test-method signature="tc4()[pri:0, instance:learning.Appium.EcommereTest@1da51a35]" started-at="2020-12-27T22:23:51 EST" name="tc4" finished-at="2020-12-27T22:24:07 EST" duration-ms="15980" status="PASS">
          <reporter-output>
          </reporter-output>
        </test-method> <!-- tc4 -->
        <test-method is-config="true" signature="tearDown()[pri:0, instance:learning.Appium.EcommereTest@1da51a35]" started-at="2020-12-27T22:24:07 EST" name="tearDown" finished-at="2020-12-27T22:24:15 EST" duration-ms="7730" status="PASS">
          <reporter-output>
          </reporter-output>
        </test-method> <!-- tearDown -->
      </class> <!-- learning.Appium.EcommereTest -->
    </test> <!-- Surefire test -->
  </suite> <!-- Surefire suite -->
</testng-results>
