<?xml version="1.0" encoding="UTF-8"?>
<testsuite xmlns:xsi="http://www.w3.org/2001/XMLSchema-instance" xsi:noNamespaceSchemaLocation="https://maven.apache.org/surefire/maven-surefire-plugin/xsd/surefire-test-report.xsd" name="learning.Appium.EcommereTest" time="118.367" tests="4" errors="0" skipped="0" failures="0">
  <properties>
[...]
</properties>
  <testcase name="tc1" classname="learning.Appium.EcommereTest" time="12.937"/>
  <testcase name="tc2" classname="learning.Appium.EcommereTest" time="17.584"/>
  <testcase name="tc3" classname="learning.Appium.EcommereTest" time="5.516"/>
  <testcase name="tc4" classname="learning.Appium.EcommereTest" time="15.884"/>
</testsuite>