<?xml version="1.0" encoding="UTF-8"?>
<testng-results ignored="0" total="4" passed="4" failed="0" skipped="0">
  <reporter-output>
  </reporter-output>
  <suite started-at="2020-12-28T21:40:56 EST" name="Surefire suite" finished-at="2020-12-28T21:42:49 EST" duration-ms="112756">
    <groups>
    </groups>
    <test started-at="2020-12-28T21:40:56 EST" name="Surefire test" finished-at="2020-12-28T21:42:49 EST" duration-ms="112756">
      <class name="learning.Appium.EcommereTest">
        <test-method is-config="true" signature="setingUp()[pri:0, instance:learning.Appium.EcommereTest@1da51a35]" started-at="2020-12-28T21:40:56 EST" name="setingUp" finished-at="2020-12-28T21:41:49 EST" duration-ms="53037" status="PASS">
          <reporter-output>
          </reporter-output>
        </test-method> <!-- setingUp -->
        <test-method is-config="true" signature="requirements()[pri:0, instance:learning.Appium.EcommereTest@1da51a35]" started-at="2020-12-28T21:41:49 EST" name="requirements" finished-at="2020-12-28T21:41:50 EST" duration-ms="246" status="PASS">
          <reporter-output>
          </reporter-output>
        </test-method> <!-- requirements -->
        <test-method signature="tc1()[pri:0, instance:learning.Appium.EcommereTest@1da51a35]" started-at="2020-12-28T21:41:50 EST" name="tc1" finished-at="2020-12-28T21:42:03 EST" duration-ms="12934" status="PASS">
          <reporter-output>
          </reporter-output>
        </test-method> <!-- tc1 -->
        <test-method signature="tc2()[pri:0, instance:learning.Appium.EcommereTest@1da51a35]" started-at="2020-12-28T21:42:03 EST" name="tc2" finished-at="2020-12-28T21:42:20 EST" duration-ms="17599" status="PASS">
          <reporter-output>
          </reporter-output>
        </test-method> <!-- tc2 -->
        <test-method signature="tc3()[pri:0, instance:learning.Appium.EcommereTest@1da51a35]" started-at="2020-12-28T21:42:20 EST" name="tc3" finished-at="2020-12-28T21:42:26 EST" duration-ms="5516" status="PASS">
          <reporter-output>
          </reporter-output>
        </test-method> <!-- tc3 -->
        <test-method signature="tc4()[pri:0, instance:learning.Appium.EcommereTest@1da51a35]" started-at="2020-12-28T21:42:26 EST" name="tc4" finished-at="2020-12-28T21:42:42 EST" duration-ms="15884" status="PASS">
          <reporter-output>
          </reporter-output>
        </test-method> <!-- tc4 -->
        <test-method is-config="true" signature="tearDown()[pri:0, instance:learning.Appium.EcommereTest@1da51a35]" started-at="2020-12-28T21:42:42 EST" name="tearDown" finished-at="2020-12-28T21:42:49 EST" duration-ms="7502" status="PASS">
          <reporter-output>
          </reporter-output>
        </test-method> <!-- tearDown -->
      </class> <!-- learning.Appium.EcommereTest -->
    </test> <!-- Surefire test -->
  </suite> <!-- Surefire suite -->
</testng-results>
