<?xml version="1.0" encoding="UTF-8"?>
<testng-results ignored="0" total="4" passed="4" failed="0" skipped="0">
  <reporter-output>
  </reporter-output>
  <suite started-at="2020-12-27T19:12:17 EST" name="Suite" finished-at="2020-12-27T19:13:18 EST" duration-ms="61015">
    <groups>
    </groups>
    <test started-at="2020-12-27T19:12:17 EST" name="Test" finished-at="2020-12-27T19:13:18 EST" duration-ms="61015">
      <class name="learning.Appium.EcommereTest">
        <test-method is-config="true" signature="setingUp()[pri:0, instance:learning.Appium.EcommereTest@6631f5ca]" started-at="2020-12-27T19:12:17 EST" name="setingUp" finished-at="2020-12-27T19:12:25 EST" duration-ms="8004" status="PASS">
          <reporter-output>
          </reporter-output>
        </test-method> <!-- setingUp -->
        <test-method is-config="true" signature="requirements()[pri:0, instance:learning.Appium.EcommereTest@6631f5ca]" started-at="2020-12-27T19:12:25 EST" name="requirements" finished-at="2020-12-27T19:12:25 EST" duration-ms="138" status="PASS">
          <reporter-output>
          </reporter-output>
        </test-method> <!-- requirements -->
        <test-method signature="tc1()[pri:0, instance:learning.Appium.EcommereTest@6631f5ca]" started-at="2020-12-27T19:12:25 EST" name="tc1" finished-at="2020-12-27T19:12:36 EST" duration-ms="11124" status="PASS">
          <reporter-output>
          </reporter-output>
        </test-method> <!-- tc1 -->
        <test-method signature="tc2()[pri:0, instance:learning.Appium.EcommereTest@6631f5ca]" started-at="2020-12-27T19:12:36 EST" name="tc2" finished-at="2020-12-27T19:12:51 EST" duration-ms="15442" status="PASS">
          <reporter-output>
          </reporter-output>
        </test-method> <!-- tc2 -->
        <test-method signature="tc3()[pri:0, instance:learning.Appium.EcommereTest@6631f5ca]" started-at="2020-12-27T19:12:51 EST" name="tc3" finished-at="2020-12-27T19:12:56 EST" duration-ms="5155" status="PASS">
          <reporter-output>
          </reporter-output>
        </test-method> <!-- tc3 -->
        <test-method signature="tc4()[pri:0, instance:learning.Appium.EcommereTest@6631f5ca]" started-at="2020-12-27T19:12:56 EST" name="tc4" finished-at="2020-12-27T19:13:12 EST" duration-ms="15812" status="PASS">
          <reporter-output>
          </reporter-output>
        </test-method> <!-- tc4 -->
        <test-method is-config="true" signature="tearDown()[pri:0, instance:learning.Appium.EcommereTest@6631f5ca]" started-at="2020-12-27T19:13:12 EST" name="tearDown" finished-at="2020-12-27T19:13:18 EST" duration-ms="5308" status="PASS">
          <reporter-output>
          </reporter-output>
        </test-method> <!-- tearDown -->
      </class> <!-- learning.Appium.EcommereTest -->
    </test> <!-- Test -->
  </suite> <!-- Suite -->
</testng-results>
